<?xml version="1.0" encoding="UTF-8"?>
<!-- Generated by org.testng.reporters.JUnitXMLReporter -->
<testsuite ignored="2" hostname="MeghaR" failures="0" tests="2" name="GRP-regression" time="0.064" errors="0" timestamp="2023-07-26T14:15:05 IST">
  <testcase classname="FrameworkExamples.NewTest" name="thirdtest" time="0.01"/>
  <testcase classname="FrameworkExamples.NewTest" name="secondtest" time="0.001"/>
  <testcase classname="FrameworkExamples.NewTest" name="firsttest" time="0.0">
    <ignored/>
  </testcase> <!-- firsttest -->
  <testcase classname="FrameworkExamples.NewTest" name="fourthtest" time="0.0">
    <ignored/>
  </testcase> <!-- fourthtest -->
</testsuite> <!-- GRP-regression -->
