<?xml version="1.0" encoding="UTF-8"?>
<testng-results ignored="0" total="1" passed="1" failed="0" skipped="0">
  <reporter-output>
  </reporter-output>
  <suite started-at="2023-07-31T14:24:55 IST" name="Default suite" finished-at="2023-07-31T14:24:58 IST" duration-ms="3049">
    <groups>
    </groups>
    <test started-at="2023-07-31T14:24:55 IST" name="Default test" finished-at="2023-07-31T14:24:58 IST" duration-ms="3049">
      <class name="com.facebook.tests.LoginTestPageFactory">
        <test-method signature="testLogin()[pri:0, instance:com.facebook.tests.LoginTestPageFactory@229f66ed]" started-at="2023-07-31T14:24:55 IST" name="testLogin" finished-at="2023-07-31T14:24:58 IST" duration-ms="2990" status="PASS">
          <reporter-output>
          </reporter-output>
        </test-method> <!-- testLogin -->
      </class> <!-- com.facebook.tests.LoginTestPageFactory -->
    </test> <!-- Default test -->
  </suite> <!-- Default suite -->
</testng-results>
